<?xml version="1.0" encoding="UTF-8"?>
<!-- Generated by org.testng.reporters.JUnitXMLReporter -->
<testsuite hostname="DESKTOP-EPR1DQN" ignored="0" name="Test" tests="28" failures="5" timestamp="26 cze 2019 08:57:05 GMT" time="1343.639" errors="0">
  <testcase name="loginToZurmo" time="21.722" classname="projekt.automatyzacja.test.LoginTC"/>
  <testcase name="createContact" time="53.084" classname="projekt.automatyzacja.test.CreateContactTC5"/>
  <testcase name="createContact" time="25.269" classname="projekt.automatyzacja.test.CreateContactTC5"/>
  <testcase name="createContact" time="26.972" classname="projekt.automatyzacja.test.CreateContactTC5"/>
  <testcase name="createContact" time="50.637" classname="projekt.automatyzacja.test.CreateContactTC5"/>
  <testcase name="editContact" time="43.825" classname="projekt.automatyzacja.test.EditContactTC2"/>
  <testcase name="createAccount" time="23.765" classname="projekt.automatyzacja.test.CreateAccountTC3"/>
  <testcase name="createCatalogItem" time="54.002" classname="projekt.automatyzacja.test.CreateCatalogItemTC2"/>
  <testcase name="createLead" time="0.162" classname="projekt.automatyzacja.test.CreateLeadTC2">
    <failure type="org.openqa.selenium.ElementClickInterceptedException" message="Element &amp;lt;a href=&amp;quot;/zurmo/app/index.php/leads/default&amp;quot;&amp;gt; is not clickable at point (85,178.8000030517578) because another element &amp;lt;div class=&amp;quot;ui-widget-overlay ui-front&amp;quot;&amp;gt; obscures it
Build info: version: &amp;apos;3.14.0&amp;apos;, revision: &amp;apos;aacccce0&amp;apos;, time: &amp;apos;2018-08-02T20:19:58.91Z&amp;apos;
System info: host: &amp;apos;DESKTOP-EPR1DQN&amp;apos;, ip: &amp;apos;192.168.43.250&amp;apos;, os.name: &amp;apos;Windows 10&amp;apos;, os.arch: &amp;apos;amd64&amp;apos;, os.version: &amp;apos;10.0&amp;apos;, java.version: &amp;apos;1.8.0_121&amp;apos;
Driver info: org.openqa.selenium.firefox.FirefoxDriver
Capabilities {acceptInsecureCerts: true, browserName: firefox, browserVersion: 59.0.2, javascriptEnabled: true, moz:accessibilityChecks: false, moz:headless: false, moz:processID: 15764, moz:profile: C:\Users\Admin\AppData\Loca..., moz:useNonSpecCompliantPointerOrigin: false, moz:webdriverClick: true, pageLoadStrategy: normal, platform: XP, platformName: XP, platformVersion: 10.0, rotatable: false, timeouts: {implicit: 0, pageLoad: 300000, script: 30000}}
Session ID: d06ef20d-46bb-4e22-8584-5768172156a1">
      <![CDATA[org.openqa.selenium.ElementClickInterceptedException: Element <a href="/zurmo/app/index.php/leads/default"> is not clickable at point (85,178.8000030517578) because another element <div class="ui-widget-overlay ui-front"> obscures it
Build info: version: '3.14.0', revision: 'aacccce0', time: '2018-08-02T20:19:58.91Z'
System info: host: 'DESKTOP-EPR1DQN', ip: '192.168.43.250', os.name: 'Windows 10', os.arch: 'amd64', os.version: '10.0', java.version: '1.8.0_121'
Driver info: org.openqa.selenium.firefox.FirefoxDriver
Capabilities {acceptInsecureCerts: true, browserName: firefox, browserVersion: 59.0.2, javascriptEnabled: true, moz:accessibilityChecks: false, moz:headless: false, moz:processID: 15764, moz:profile: C:\Users\Admin\AppData\Loca..., moz:useNonSpecCompliantPointerOrigin: false, moz:webdriverClick: true, pageLoadStrategy: normal, platform: XP, platformName: XP, platformVersion: 10.0, rotatable: false, timeouts: {implicit: 0, pageLoad: 300000, script: 30000}}
Session ID: d06ef20d-46bb-4e22-8584-5768172156a1
at org.openqa.selenium.remote.http.W3CHttpResponseCodec.createException(W3CHttpResponseCodec.java:187)
at org.openqa.selenium.remote.http.W3CHttpResponseCodec.decode(W3CHttpResponseCodec.java:122)
at org.openqa.selenium.remote.http.W3CHttpResponseCodec.decode(W3CHttpResponseCodec.java:49)
at org.openqa.selenium.remote.HttpCommandExecutor.execute(HttpCommandExecutor.java:158)
at org.openqa.selenium.remote.service.DriverCommandExecutor.execute(DriverCommandExecutor.java:83)
at org.openqa.selenium.remote.RemoteWebDriver.execute(RemoteWebDriver.java:548)
at org.openqa.selenium.remote.RemoteWebElement.execute(RemoteWebElement.java:276)
at org.openqa.selenium.remote.RemoteWebElement.click(RemoteWebElement.java:83)
at org.openqa.selenium.support.pagefactory.internal.LocatingElementHandler.invoke(LocatingElementHandler.java:51)
at com.sun.proxy.$Proxy11.click(Unknown Source)
at projekt.automatyzacja.page.Menu.leadsButtonClick(Menu.java:68)
at projekt.automatyzacja.test.CreateLeadTC2.createLead(CreateLeadTC2.java:164)
... Removed 32 stack frames]]>
    </failure>
  </testcase> <!-- createLead -->
  <testcase name="deleteLead" time="67.366" classname="projekt.automatyzacja.test.DeleteLeadTC">
    <failure type="org.openqa.selenium.TimeoutException" message="Expected condition failed: waiting for text (&amp;apos;Weronika Rosztyn&amp;apos;) to be present in element found by By.cssSelector: tr.odd:nth-child(1) &amp;gt; td:nth-child(3) &amp;gt; a:nth-child(1) (tried for 60 second(s) with 500 milliseconds interval)
Build info: version: &amp;apos;3.14.0&amp;apos;, revision: &amp;apos;aacccce0&amp;apos;, time: &amp;apos;2018-08-02T20:19:58.91Z&amp;apos;
System info: host: &amp;apos;DESKTOP-EPR1DQN&amp;apos;, ip: &amp;apos;192.168.43.250&amp;apos;, os.name: &amp;apos;Windows 10&amp;apos;, os.arch: &amp;apos;amd64&amp;apos;, os.version: &amp;apos;10.0&amp;apos;, java.version: &amp;apos;1.8.0_121&amp;apos;
Driver info: org.openqa.selenium.firefox.FirefoxDriver
Capabilities {acceptInsecureCerts: true, browserName: firefox, browserVersion: 59.0.2, javascriptEnabled: true, moz:accessibilityChecks: false, moz:headless: false, moz:processID: 28908, moz:profile: C:\Users\Admin\AppData\Loca..., moz:useNonSpecCompliantPointerOrigin: false, moz:webdriverClick: true, pageLoadStrategy: normal, platform: XP, platformName: XP, platformVersion: 10.0, rotatable: false, timeouts: {implicit: 0, pageLoad: 300000, script: 30000}}
Session ID: 64026d58-ab8c-4abe-bb07-343b7d1bc748">
      <![CDATA[org.openqa.selenium.TimeoutException: Expected condition failed: waiting for text ('Weronika Rosztyn') to be present in element found by By.cssSelector: tr.odd:nth-child(1) > td:nth-child(3) > a:nth-child(1) (tried for 60 second(s) with 500 milliseconds interval)
Build info: version: '3.14.0', revision: 'aacccce0', time: '2018-08-02T20:19:58.91Z'
System info: host: 'DESKTOP-EPR1DQN', ip: '192.168.43.250', os.name: 'Windows 10', os.arch: 'amd64', os.version: '10.0', java.version: '1.8.0_121'
Driver info: org.openqa.selenium.firefox.FirefoxDriver
Capabilities {acceptInsecureCerts: true, browserName: firefox, browserVersion: 59.0.2, javascriptEnabled: true, moz:accessibilityChecks: false, moz:headless: false, moz:processID: 28908, moz:profile: C:\Users\Admin\AppData\Loca..., moz:useNonSpecCompliantPointerOrigin: false, moz:webdriverClick: true, pageLoadStrategy: normal, platform: XP, platformName: XP, platformVersion: 10.0, rotatable: false, timeouts: {implicit: 0, pageLoad: 300000, script: 30000}}
Session ID: 64026d58-ab8c-4abe-bb07-343b7d1bc748
at org.openqa.selenium.support.ui.WebDriverWait.timeoutException(WebDriverWait.java:113)
at org.openqa.selenium.support.ui.FluentWait.until(FluentWait.java:283)
at projekt.automatyzacja.test.DeleteLeadTC.deleteLead(DeleteLeadTC.java:97)
... Removed 25 stack frames]]>
    </failure>
  </testcase> <!-- deleteLead -->
  <testcase name="createOpportunity" time="20.61" classname="projekt.automatyzacja.test.CreateOpportunityTC2"/>
  <testcase name="exportOpportunity" time="8.249" classname="projekt.automatyzacja.test.ExportOpportunitiesTC"/>
  <testcase name="deactivateUser" time="38.712" classname="projekt.automatyzacja.test.DeactivateUserTC"/>
  <testcase name="activateUser" time="45.163" classname="projekt.automatyzacja.test.ActivateUserTC"/>
  <testcase name="addPost" time="11.127" classname="projekt.automatyzacja.test.AddPostTC"/>
  <testcase name="verifyCreatedContact" time="0.471" classname="projekt.automatyzacja.test.CreateContactTC5"/>
  <testcase name="verifyCreatedContact" time="0.455" classname="projekt.automatyzacja.test.CreateContactTC5"/>
  <testcase name="verifyCreatedContact" time="0.44" classname="projekt.automatyzacja.test.CreateContactTC5"/>
  <testcase name="verifyCreatedContact" time="0.446" classname="projekt.automatyzacja.test.CreateContactTC5"/>
  <testcase name="verifyEditedContact" time="0.561" classname="projekt.automatyzacja.test.EditContactTC2"/>
  <testcase name="verifyCreatedAccount" time="0.441" classname="projekt.automatyzacja.test.CreateAccountTC3"/>
  <testcase name="verifyCreatedCatalogItem" time="0.137" classname="projekt.automatyzacja.test.CreateCatalogItemTC2">
    <failure type="java.lang.AssertionError" message="expected [Active] but found [Inactive]">
      <![CDATA[java.lang.AssertionError: expected [Active] but found [Inactive]
at projekt.automatyzacja.test.CreateCatalogItemTC2.verifyCreatedCatalogItem(CreateCatalogItemTC2.java:164)
... Removed 31 stack frames]]>
    </failure>
  </testcase> <!-- verifyCreatedCatalogItem -->
  <testcase name="verifyCreatedLead" time="0.0" classname="projekt.automatyzacja.test.CreateLeadTC2">
    <skipped/>
  </testcase> <!-- verifyCreatedLead -->
  <testcase name="verifyDeletion" time="0.0" classname="projekt.automatyzacja.test.DeleteLeadTC">
    <skipped/>
  </testcase> <!-- verifyDeletion -->
  <testcase name="verifyCreatedOpportunity" time="0.13" classname="projekt.automatyzacja.test.CreateOpportunityTC2">
    <failure type="java.lang.AssertionError" message="expected [12/3/18] but found [6/26/19]">
      <![CDATA[java.lang.AssertionError: expected [12/3/18] but found [6/26/19]
at projekt.automatyzacja.test.CreateOpportunityTC2.verifyCreatedOpportunity(CreateOpportunityTC2.java:139)
... Removed 31 stack frames]]>
    </failure>
  </testcase> <!-- verifyCreatedOpportunity -->
  <testcase name="verifyDeactivationOfUser" time="35.091" classname="projekt.automatyzacja.test.DeactivateUserTC">
    <failure type="org.openqa.selenium.TimeoutException" message="Expected condition failed: waiting for text (&amp;apos;Incorrect username or password.&amp;apos;) to be present in element found by By.id: LoginForm_password_em_ (tried for 30 second(s) with 500 milliseconds interval)">
      <![CDATA[org.openqa.selenium.TimeoutException: Expected condition failed: waiting for text ('Incorrect username or password.') to be present in element found by By.id: LoginForm_password_em_ (tried for 30 second(s) with 500 milliseconds interval)
at org.openqa.selenium.support.ui.WebDriverWait.timeoutException(WebDriverWait.java:113)
at org.openqa.selenium.support.ui.FluentWait.until(FluentWait.java:283)
at projekt.automatyzacja.test.DeactivateUserTC.verifyDeactivationOfUser(DeactivateUserTC.java:121)
Caused by: org.openqa.selenium.NoSuchElementException: Cannot locate an element using By.id: LoginForm_password_em_
For documentation on this error, please visit: http://seleniumhq.org/exceptions/no_such_element.html
Build info: version: '3.14.0', revision: 'aacccce0', time: '2018-08-02T20:19:58.91Z'
System info: host: 'DESKTOP-EPR1DQN', ip: '192.168.43.250', os.name: 'Windows 10', os.arch: 'amd64', os.version: '10.0', java.version: '1.8.0_121'
Driver info: driver.version: unknown
at org.openqa.selenium.support.ui.ExpectedConditions.lambda$findElement$0(ExpectedConditions.java:896)
at java.util.Optional.orElseThrow(Optional.java:290)
at org.openqa.selenium.support.ui.ExpectedConditions.findElement(ExpectedConditions.java:895)
at org.openqa.selenium.support.ui.ExpectedConditions.access$000(ExpectedConditions.java:44)
at org.openqa.selenium.support.ui.ExpectedConditions$13.apply(ExpectedConditions.java:398)
at org.openqa.selenium.support.ui.ExpectedConditions$13.apply(ExpectedConditions.java:394)
at org.openqa.selenium.support.ui.FluentWait.until(FluentWait.java:260)
... 26 more
... Removed 25 stack frames]]>
    </failure>
  </testcase> <!-- verifyDeactivationOfUser -->
  <testcase name="verifyInactivationOfUser" time="17.098" classname="projekt.automatyzacja.test.ActivateUserTC"/>
  <testcase name="verifyAddedPost" time="0.056" classname="projekt.automatyzacja.test.AddPostTC"/>
</testsuite> <!-- Test -->
