<?xml version="1.0" encoding="UTF-8"?>
<testng-results skipped="0" failed="1" ignored="0" total="2" passed="1">
  <reporter-output>
  </reporter-output>
  <suite name="Default suite" duration-ms="74509" started-at="2019-06-27T11:39:48Z" finished-at="2019-06-27T11:41:03Z">
    <groups>
    </groups>
    <test name="Default test" duration-ms="74509" started-at="2019-06-27T11:39:48Z" finished-at="2019-06-27T11:41:03Z">
      <class name="projekt.automatyzacja.test.CreateOpportunityTC">
        <test-method status="PASS" signature="setUp()[pri:0, instance:projekt.automatyzacja.test.CreateOpportunityTC@4470f8a6]" name="setUp" is-config="true" duration-ms="41024" started-at="2019-06-27T11:39:48Z" finished-at="2019-06-27T11:40:29Z">
          <reporter-output>
          </reporter-output>
        </test-method> <!-- setUp -->
        <test-method status="PASS" signature="createOpportunity()[pri:0, instance:projekt.automatyzacja.test.CreateOpportunityTC@4470f8a6]" name="createOpportunity" duration-ms="24100" started-at="2019-06-27T11:40:29Z" finished-at="2019-06-27T11:40:53Z">
          <reporter-output>
          </reporter-output>
        </test-method> <!-- createOpportunity -->
        <test-method status="FAIL" signature="verifyCreatedOpportunity()[pri:1, instance:projekt.automatyzacja.test.CreateOpportunityTC@4470f8a6]" name="verifyCreatedOpportunity" duration-ms="9352" started-at="2019-06-27T11:40:53Z" depends-on-methods="projekt.automatyzacja.test.CreateOpportunityTC.createOpportunity" finished-at="2019-06-27T11:41:03Z">
          <exception class="java.lang.AssertionError">
            <message>
              <![CDATA[expected [12/3/18] but found [6/27/19]]]>
            </message>
            <full-stacktrace>
              <![CDATA[java.lang.AssertionError: expected [12/3/18] but found [6/27/19]
at org.testng.Assert.fail(Assert.java:96)
at org.testng.Assert.failNotEquals(Assert.java:776)
at org.testng.Assert.assertEqualsImpl(Assert.java:137)
at org.testng.Assert.assertEquals(Assert.java:118)
at org.testng.Assert.assertEquals(Assert.java:453)
at org.testng.Assert.assertEquals(Assert.java:463)
at projekt.automatyzacja.test.CreateOpportunityTC.verifyCreatedOpportunity(CreateOpportunityTC.java:133)
at sun.reflect.NativeMethodAccessorImpl.invoke0(Native Method)
at sun.reflect.NativeMethodAccessorImpl.invoke(NativeMethodAccessorImpl.java:62)
at sun.reflect.DelegatingMethodAccessorImpl.invoke(DelegatingMethodAccessorImpl.java:43)
at java.lang.reflect.Method.invoke(Method.java:498)
at org.testng.internal.MethodInvocationHelper.invokeMethod(MethodInvocationHelper.java:124)
at org.testng.internal.Invoker.invokeMethod(Invoker.java:583)
at org.testng.internal.Invoker.invokeTestMethod(Invoker.java:719)
at org.testng.internal.Invoker.invokeTestMethods(Invoker.java:989)
at org.testng.internal.TestMethodWorker.invokeTestMethods(TestMethodWorker.java:125)
at org.testng.internal.TestMethodWorker.run(TestMethodWorker.java:109)
at org.testng.TestRunner.privateRun(TestRunner.java:648)
at org.testng.TestRunner.run(TestRunner.java:505)
at org.testng.SuiteRunner.runTest(SuiteRunner.java:455)
at org.testng.SuiteRunner.runSequentially(SuiteRunner.java:450)
at org.testng.SuiteRunner.privateRun(SuiteRunner.java:415)
at org.testng.SuiteRunner.run(SuiteRunner.java:364)
at org.testng.SuiteRunnerWorker.runSuite(SuiteRunnerWorker.java:52)
at org.testng.SuiteRunnerWorker.run(SuiteRunnerWorker.java:84)
at org.testng.TestNG.runSuitesSequentially(TestNG.java:1208)
at org.testng.TestNG.runSuitesLocally(TestNG.java:1137)
at org.testng.TestNG.runSuites(TestNG.java:1049)
at org.testng.TestNG.run(TestNG.java:1017)
at org.testng.remote.AbstractRemoteTestNG.run(AbstractRemoteTestNG.java:114)
at org.testng.remote.RemoteTestNG.initAndRun(RemoteTestNG.java:251)
at org.testng.remote.RemoteTestNG.main(RemoteTestNG.java:77)
]]>
            </full-stacktrace>
          </exception> <!-- java.lang.AssertionError -->
          <reporter-output>
          </reporter-output>
        </test-method> <!-- verifyCreatedOpportunity -->
        <test-method status="PASS" signature="afterSuite()[pri:0, instance:projekt.automatyzacja.test.CreateOpportunityTC@4470f8a6]" name="afterSuite" is-config="true" duration-ms="0" started-at="2019-06-27T11:41:03Z" finished-at="2019-06-27T11:41:03Z">
          <reporter-output>
          </reporter-output>
        </test-method> <!-- afterSuite -->
      </class> <!-- projekt.automatyzacja.test.CreateOpportunityTC -->
    </test> <!-- Default test -->
  </suite> <!-- Default suite -->
</testng-results>
